<?xml version="1.0" encoding="UTF-8"?>
<testng-results ignored="0" total="1" passed="1" failed="0" skipped="0">
  <reporter-output>
  </reporter-output>
  <suite started-at="2024-04-09T16:58:36 EDT" name="Default suite" finished-at="2024-04-09T16:59:01 EDT" duration-ms="25482">
    <groups>
    </groups>
    <test started-at="2024-04-09T16:58:36 EDT" name="Default test" finished-at="2024-04-09T16:59:01 EDT" duration-ms="25482">
      <class name="com.saucelabs.TestCases.TC1">
        <test-method is-config="true" signature="setup(java.lang.reflect.Method)[pri:0, instance:com.saucelabs.TestCases.TC1@4562e04d]" started-at="2024-04-09T16:58:36 EDT" name="setup" finished-at="2024-04-09T16:58:45 EDT" duration-ms="8753" status="PASS">
          <params>
            <param index="0">
              <value>
                <![CDATA[public void com.saucelabs.TestCases.TC1.verifyLogin()]]>
              </value>
            </param>
          </params>
          <reporter-output>
          </reporter-output>
        </test-method> <!-- setup -->
        <test-method signature="verifyLogin()[pri:0, instance:com.saucelabs.TestCases.TC1@4562e04d]" started-at="2024-04-09T16:58:45 EDT" name="verifyLogin" finished-at="2024-04-09T16:59:01 EDT" duration-ms="16686" status="PASS">
          <reporter-output>
          </reporter-output>
        </test-method> <!-- verifyLogin -->
      </class> <!-- com.saucelabs.TestCases.TC1 -->
    </test> <!-- Default test -->
  </suite> <!-- Default suite -->
</testng-results>
